<?xml version="1.0" encoding="UTF-8"?>
<!-- Generated by org.testng.reporters.JUnitReportReporter -->
<testsuite hostname="MWDH-Work2" failures="0" tests="1" name="Ass1XpathLocator.chromeWebDriver" time="13.157" errors="0" timestamp="2022-07-24T17:45:57 AST" skipped="0">
  <testcase classname="Ass1XpathLocator.chromeWebDriver" name="chrom" time="13.157"/>
  <system-out/>
</testsuite> <!-- Ass1XpathLocator.chromeWebDriver -->
